<?xml version="1.0" encoding="UTF-8"?>
<!-- Generated by org.testng.reporters.JUnitXMLReporter -->
<testsuite hostname="TP6VDIDEVTCM222" ignored="0" name="SmokeTestCases" tests="2" failures="0" timestamp="16 May 2019 06:15:57 GMT" time="19.272" errors="0">
  <testcase name="loginTest" time="4.879" classname="com.vcstax.testCases.TC_Smoke_Login_01"/>
  <testcase name="clickannualConfigurationlink" time="2.506" classname="com.vcstax.testCases.TC_Smoke_SettingsTab_04"/>
</testsuite> <!-- SmokeTestCases -->
