<?xml version="1.0" encoding="UTF-8"?>
<!-- Generated by org.testng.reporters.JUnitXMLReporter -->
<testsuite hostname="TP6VDIDEVTCM222" ignored="0" name="SmokeTestCase3" tests="6" failures="0" timestamp="16 May 2019 06:33:10 GMT" time="19.655" errors="0">
  <testcase name="clicktoolsTab" time="2.892" classname="com.vcstax.testCases.TC_Smoke_ToolsTab_05"/>
  <testcase name="clickreinstateBillslink" time="1.268" classname="com.vcstax.testCases.TC_Smoke_ToolsTab_05"/>
  <testcase name="clickdatalink" time="1.272" classname="com.vcstax.testCases.TC_Smoke_ToolsTab_05"/>
  <testcase name="clickdecalNumberslink" time="1.274" classname="com.vcstax.testCases.TC_Smoke_ToolsTab_05"/>
  <testcase name="clickoverpayRefundlink" time="1.254" classname="com.vcstax.testCases.TC_Smoke_ToolsTab_05"/>
  <testcase name="clicktaxBillFileslink" time="1.279" classname="com.vcstax.testCases.TC_Smoke_ToolsTab_05"/>
</testsuite> <!-- SmokeTestCase3 -->
