<?xml version="1.0" encoding="UTF-8"?>
<!-- Generated by org.testng.reporters.JUnitXMLReporter -->
<testsuite hostname="TP6VDIDEVTCM222" ignored="0" name="SMOKE Test" tests="16" failures="1" timestamp="13 May 2019 14:53:51 GMT" time="67.134" errors="0">
  <testcase name="loginTest" time="7.116" classname="com.vcstax.testCases.TC_VCSTaxLogin_01"/>
  <testcase name="clickCollectionlink" time="7.178" classname="com.vcstax.testCases.TC_Smoke_ActivityTab_02">
    <failure type="java.lang.NullPointerException">
      <![CDATA[java.lang.NullPointerException
at com.vcstax.pageObjects.ActivityTab.clickCollectionLink(ActivityTab.java:96)
at com.vcstax.testCases.TC_Smoke_ActivityTab_02.clickCollectionlink(TC_Smoke_ActivityTab_02.java:31)
at sun.reflect.NativeMethodAccessorImpl.invoke0(Native Method)
at sun.reflect.NativeMethodAccessorImpl.invoke(Unknown Source)
at sun.reflect.DelegatingMethodAccessorImpl.invoke(Unknown Source)
at java.lang.reflect.Method.invoke(Unknown Source)
at org.testng.internal.MethodInvocationHelper.invokeMethod(MethodInvocationHelper.java:124)
at org.testng.internal.Invoker.invokeMethod(Invoker.java:583)
at org.testng.internal.Invoker.invokeTestMethod(Invoker.java:719)
at org.testng.internal.Invoker.invokeTestMethods(Invoker.java:989)
at org.testng.internal.TestMethodWorker.invokeTestMethods(TestMethodWorker.java:125)
at org.testng.internal.TestMethodWorker.run(TestMethodWorker.java:109)
at org.testng.TestRunner.privateRun(TestRunner.java:648)
at org.testng.TestRunner.run(TestRunner.java:505)
at org.testng.SuiteRunner.runTest(SuiteRunner.java:455)
at org.testng.SuiteRunner.runSequentially(SuiteRunner.java:450)
at org.testng.SuiteRunner.privateRun(SuiteRunner.java:415)
at org.testng.SuiteRunner.run(SuiteRunner.java:364)
at org.testng.SuiteRunnerWorker.runSuite(SuiteRunnerWorker.java:52)
at org.testng.SuiteRunnerWorker.run(SuiteRunnerWorker.java:84)
at org.testng.TestNG.runSuitesSequentially(TestNG.java:1208)
at org.testng.TestNG.runSuitesLocally(TestNG.java:1137)
at org.testng.TestNG.runSuites(TestNG.java:1049)
at org.testng.TestNG.run(TestNG.java:1017)
at org.testng.remote.AbstractRemoteTestNG.run(AbstractRemoteTestNG.java:115)
at org.testng.remote.RemoteTestNG.initAndRun(RemoteTestNG.java:251)
at org.testng.remote.RemoteTestNG.main(RemoteTestNG.java:77)
]]>
    </failure>
  </testcase> <!-- clickCollectionlink -->
  <testcase name="clickAssessorChangeOrderslink" time="3.481" classname="com.vcstax.testCases.TC_Smoke_ActivityTab_02"/>
  <testcase name="clickcalculateRevenueDisbursementlink" time="2.528" classname="com.vcstax.testCases.TC_Smoke_ActivityTab_02"/>
  <testcase name="clickMailProcessinglink" time="2.358" classname="com.vcstax.testCases.TC_Smoke_ActivityTab_02"/>
  <testcase name="clickRegisterReconciliationlink" time="2.387" classname="com.vcstax.testCases.TC_Smoke_ActivityTab_02"/>
  <testcase name="clickApplyLateFeelink" time="2.51" classname="com.vcstax.testCases.TC_Smoke_ActivityTab_02"/>
  <testcase name="clickbankruptcyCaseslink" time="2.381" classname="com.vcstax.testCases.TC_Smoke_ActivityTab_02"/>
  <testcase name="clickdelinquentProcessinglink" time="2.497" classname="com.vcstax.testCases.TC_Smoke_ActivityTab_02"/>
  <testcase name="clickquarterlyBillinglink" time="2.433" classname="com.vcstax.testCases.TC_Smoke_ActivityTab_02"/>
  <testcase name="clickmobileHomeDigestlink" time="2.408" classname="com.vcstax.testCases.TC_Smoke_ActivityTab_02"/>
  <testcase name="clickmortgageManualProcessinglink" time="2.989" classname="com.vcstax.testCases.TC_Smoke_ActivityTab_02"/>
  <testcase name="clickmortgagePaymentProcessinglink" time="3.083" classname="com.vcstax.testCases.TC_Smoke_ActivityTab_02"/>
  <testcase name="clickmortgageRequestProcessinglink" time="2.557" classname="com.vcstax.testCases.TC_Smoke_ActivityTab_02"/>
  <testcase name="clickmortgageTaxBillExportlink" time="2.699" classname="com.vcstax.testCases.TC_Smoke_ActivityTab_02"/>
  <testcase name="clickrealDigestlink" time="3.052" classname="com.vcstax.testCases.TC_Smoke_ActivityTab_02"/>
</testsuite> <!-- SMOKE Test -->
