<?xml version="1.0" encoding="UTF-8"?>
<!-- Generated by org.testng.reporters.JUnitXMLReporter -->
<testsuite hostname="TP6VDIDEVTCM222" ignored="0" name="Test" tests="20" failures="0" timestamp="09 May 2019 12:49:03 GMT" time="80.601" errors="0">
  <testcase name="loginTest" time="4.083" classname="com.vcstax.testCases.TC_VCSTaxLogin_01"/>
  <testcase name="clickReportTab" time="3.708" classname="com.vcstax.testCases.TC_Smoke_RepotsTab_03"/>
  <testcase name="clickdigestAddressDifferenceslink" time="4.124" classname="com.vcstax.testCases.TC_Smoke_RepotsTab_03"/>
  <testcase name="clickconsolidationSheetslink" time="3.504" classname="com.vcstax.testCases.TC_Smoke_RepotsTab_03"/>
  <testcase name="clickcountyDigestlink" time="3.443" classname="com.vcstax.testCases.TC_Smoke_RepotsTab_03"/>
  <testcase name="clickdigestEditslink" time="3.258" classname="com.vcstax.testCases.TC_Smoke_RepotsTab_03"/>
  <testcase name="clickdigestEvaluationlink" time="3.295" classname="com.vcstax.testCases.TC_Smoke_RepotsTab_03"/>
  <testcase name="clickdigestSummarybyAuthoritylink" time="3.3" classname="com.vcstax.testCases.TC_Smoke_RepotsTab_03"/>
  <testcase name="clickexemptionsAnalysislink" time="3.276" classname="com.vcstax.testCases.TC_Smoke_RepotsTab_03"/>
  <testcase name="clickHTRGPT553Adjustmentslink" time="3.479" classname="com.vcstax.testCases.TC_Smoke_RepotsTab_03"/>
  <testcase name="clickHTRGPT553Detaillink" time="3.387" classname="com.vcstax.testCases.TC_Smoke_RepotsTab_03"/>
  <testcase name="clickHTRGPT553Summarylink" time="3.355" classname="com.vcstax.testCases.TC_Smoke_RepotsTab_03"/>
  <testcase name="clickpropertyStrataDetaillink" time="3.282" classname="com.vcstax.testCases.TC_Smoke_RepotsTab_03"/>
  <testcase name="clicktaxBillEditslink" time="3.363" classname="com.vcstax.testCases.TC_Smoke_RepotsTab_03"/>
  <testcase name="clicktaxBillPrintMobileHomelink" time="3.245" classname="com.vcstax.testCases.TC_Smoke_RepotsTab_03"/>
  <testcase name="clicktaxBillPrintPropertylink" time="3.27" classname="com.vcstax.testCases.TC_Smoke_RepotsTab_03"/>
  <testcase name="clicktaxBillPrintMassPrintinglink" time="3.311" classname="com.vcstax.testCases.TC_Smoke_RepotsTab_03"/>
  <testcase name="clicktaxBillPrintSpecialTaxlink" time="3.32" classname="com.vcstax.testCases.TC_Smoke_RepotsTab_03"/>
  <testcase name="clickspecialTaxPrintExportlink" time="3.232" classname="com.vcstax.testCases.TC_Smoke_RepotsTab_03"/>
  <testcase name="clicktop50Taxpayerslink" time="3.323" classname="com.vcstax.testCases.TC_Smoke_RepotsTab_03"/>
</testsuite> <!-- Test -->
