<?xml version="1.0" encoding="UTF-8"?>
<!-- Generated by org.testng.reporters.JUnitXMLReporter -->
<testsuite hostname="TP6VDIDEVTCM222" ignored="0" name="Default test" tests="15" failures="0" timestamp="03 Jun 2019 12:14:54 GMT" time="31.809" errors="0">
  <testcase name="clickCollectionlink" time="2.586" classname="com.vcstax.testCases.TC_Smoke_ActivityTab_02"/>
  <testcase name="clickAssessorChangeOrderslink" time="1.232" classname="com.vcstax.testCases.TC_Smoke_ActivityTab_02"/>
  <testcase name="clickcalculateRevenueDisbursementlink" time="1.241" classname="com.vcstax.testCases.TC_Smoke_ActivityTab_02"/>
  <testcase name="clickMailProcessinglink" time="1.23" classname="com.vcstax.testCases.TC_Smoke_ActivityTab_02"/>
  <testcase name="clickRegisterReconciliationlink" time="1.216" classname="com.vcstax.testCases.TC_Smoke_ActivityTab_02"/>
  <testcase name="clickApplyLateFeelink" time="1.248" classname="com.vcstax.testCases.TC_Smoke_ActivityTab_02"/>
  <testcase name="clickbankruptcyCaseslink" time="1.247" classname="com.vcstax.testCases.TC_Smoke_ActivityTab_02"/>
  <testcase name="clickdelinquentProcessinglink" time="1.226" classname="com.vcstax.testCases.TC_Smoke_ActivityTab_02"/>
  <testcase name="clickquarterlyBillinglink" time="1.207" classname="com.vcstax.testCases.TC_Smoke_ActivityTab_02"/>
  <testcase name="clickmobileHomeDigestlink" time="1.648" classname="com.vcstax.testCases.TC_Smoke_ActivityTab_02"/>
  <testcase name="clickmortgageTaxBillExportlink" time="1.608" classname="com.vcstax.testCases.TC_Smoke_ActivityTab_02"/>
  <testcase name="clickmortgageRequestProcessinglink" time="1.438" classname="com.vcstax.testCases.TC_Smoke_ActivityTab_02"/>
  <testcase name="clickrealDigestlink" time="1.228" classname="com.vcstax.testCases.TC_Smoke_ActivityTab_02"/>
  <testcase name="clickmortgagePaymentProcessinglink" time="2.636" classname="com.vcstax.testCases.TC_Smoke_ActivityTab_02"/>
  <testcase name="clickmortgageManualProcessinglink" time="1.351" classname="com.vcstax.testCases.TC_Smoke_ActivityTab_02"/>
</testsuite> <!-- Default test -->
